This file contains any messages produced by compilers while
running configure, to aid debugging if configure makes a mistake.

It was created by jansson configure 2.12, which was
generated by GNU Autoconf 2.69.  Invocation command line was

  $ ./configure 

## --------- ##
## Platform. ##
## --------- ##

hostname = hp
uname -m = x86_64
uname -r = 5.15.0-72-generic
uname -s = Linux
uname -v = #79~20.04.1-Ubuntu SMP Thu Apr 20 22:12:07 UTC 2023

/usr/bin/uname -p = x86_64
/bin/uname -X     = unknown

/bin/arch              = x86_64
/usr/bin/arch -k       = unknown
/usr/convex/getsysinfo = unknown
/usr/bin/hostinfo      = unknown
/bin/machine           = unknown
/usr/bin/oslevel       = unknown
/bin/universe          = unknown

PATH: /home/sysop/.local/bin
PATH: /home/sysop/seiscomp/bin
PATH: /home/sysop/.nvm/versions/node/v18.15.0/bin
PATH: /home/sysop/seiscomp/bin
PATH: /home/sysop/.cargo/bin
PATH: /home/sysop/.local/bin
PATH: /usr/local/sbin
PATH: /usr/local/bin
PATH: /usr/sbin
PATH: /usr/bin
PATH: /sbin
PATH: /bin
PATH: /usr/games
PATH: /usr/local/games
PATH: /snap/bin


## ----------- ##
## Core tests. ##
## ----------- ##

configure:2406: checking for a BSD-compatible install
configure:2474: result: /usr/bin/install -c
configure:2485: checking whether build environment is sane
configure:2540: result: yes
configure:2689: checking for a thread-safe mkdir -p
configure:2728: result: /usr/bin/mkdir -p
configure:2735: checking for gawk
configure:2765: result: no
configure:2735: checking for mawk
configure:2751: found /usr/bin/mawk
configure:2762: result: mawk
configure:2773: checking whether make sets $(MAKE)
configure:2795: result: yes
configure:2824: checking whether make supports nested variables
configure:2841: result: yes
configure:3021: checking for gcc
configure:3037: found /usr/bin/gcc
configure:3048: result: gcc
configure:3277: checking for C compiler version
configure:3286: gcc --version >&5
gcc (Ubuntu 9.4.0-1ubuntu1~20.04.1) 9.4.0
Copyright (C) 2019 Free Software Foundation, Inc.
This is free software; see the source for copying conditions.  There is NO
warranty; not even for MERCHANTABILITY or FITNESS FOR A PARTICULAR PURPOSE.

configure:3297: $? = 0
configure:3286: gcc -v >&5
Using built-in specs.
COLLECT_GCC=gcc
COLLECT_LTO_WRAPPER=/usr/lib/gcc/x86_64-linux-gnu/9/lto-wrapper
OFFLOAD_TARGET_NAMES=nvptx-none:hsa
OFFLOAD_TARGET_DEFAULT=1
Target: x86_64-linux-gnu
Configured with: ../src/configure -v --with-pkgversion='Ubuntu 9.4.0-1ubuntu1~20.04.1' --with-bugurl=file:///usr/share/doc/gcc-9/README.Bugs --enable-languages=c,ada,c++,go,brig,d,fortran,objc,obj-c++,gm2 --prefix=/usr --with-gcc-major-version-only --program-suffix=-9 --program-prefix=x86_64-linux-gnu- --enable-shared --enable-linker-build-id --libexecdir=/usr/lib --without-included-gettext --enable-threads=posix --libdir=/usr/lib --enable-nls --enable-clocale=gnu --enable-libstdcxx-debug --enable-libstdcxx-time=yes --with-default-libstdcxx-abi=new --enable-gnu-unique-object --disable-vtable-verify --enable-plugin --enable-default-pie --with-system-zlib --with-target-system-zlib=auto --enable-objc-gc=auto --enable-multiarch --disable-werror --with-arch-32=i686 --with-abi=m64 --with-multilib-list=m32,m64,mx32 --enable-multilib --with-tune=generic --enable-offload-targets=nvptx-none=/build/gcc-9-Av3uEd/gcc-9-9.4.0/debian/tmp-nvptx/usr,hsa --without-cuda-driver --enable-checking=release --build=x86_64-linux-gnu --host=x86_64-linux-gnu --target=x86_64-linux-gnu
Thread model: posix
gcc version 9.4.0 (Ubuntu 9.4.0-1ubuntu1~20.04.1) 
configure:3297: $? = 0
configure:3286: gcc -V >&5
gcc: error: unrecognized command line option '-V'
gcc: fatal error: no input files
compilation terminated.
configure:3297: $? = 1
configure:3286: gcc -qversion >&5
gcc: error: unrecognized command line option '-qversion'; did you mean '--version'?
gcc: fatal error: no input files
compilation terminated.
configure:3297: $? = 1
configure:3317: checking whether the C compiler works
configure:3339: gcc    conftest.c  >&5
configure:3343: $? = 0
configure:3391: result: yes
configure:3394: checking for C compiler default output file name
configure:3396: result: a.out
configure:3402: checking for suffix of executables
configure:3409: gcc -o conftest    conftest.c  >&5
configure:3413: $? = 0
configure:3435: result: 
configure:3457: checking whether we are cross compiling
configure:3465: gcc -o conftest    conftest.c  >&5
configure:3469: $? = 0
configure:3476: ./conftest
configure:3480: $? = 0
configure:3468: result: no
configure:3473: checking for suffix of object files
configure:3495: gcc -c   conftest.c >&5
configure:3499: $? = 0
configure:3520: result: o
configure:3524: checking whether we are using the GNU C compiler
configure:3543: gcc -c   conftest.c >&5
configure:3543: $? = 0
configure:3552: result: yes
configure:3561: checking whether gcc accepts -g
configure:3581: gcc -c -g  conftest.c >&5
configure:3581: $? = 0
configure:3622: result: yes
configure:3639: checking for gcc option to accept ISO C89
configure:3702: gcc  -c -g -O2  conftest.c >&5
configure:3702: $? = 0
configure:3715: result: none needed
configure:3740: checking whether gcc understands -c and -o together
configure:3762: gcc -c conftest.c -o conftest2.o
configure:3765: $? = 0
configure:3762: gcc -c conftest.c -o conftest2.o
configure:3765: $? = 0
configure:3777: result: yes
configure:3797: checking whether make supports the include directive
configure:3812: make -f confmf.GNU && cat confinc.out
this is the am__doit target
configure:3815: $? = 0
configure:3834: result: yes (GNU style)
configure:3859: checking dependency style of gcc
configure:3970: result: gcc3
configure:4014: checking build system type
configure:4028: result: x86_64-pc-linux-gnu
configure:4048: checking host system type
configure:4061: result: x86_64-pc-linux-gnu
configure:4102: checking how to print strings
configure:4129: result: printf
configure:4150: checking for a sed that does not truncate output
configure:4214: result: /usr/bin/sed
configure:4232: checking for grep that handles long lines and -e
configure:4290: result: /usr/bin/grep
configure:4295: checking for egrep
configure:4357: result: /usr/bin/grep -E
configure:4362: checking for fgrep
configure:4424: result: /usr/bin/grep -F
configure:4459: checking for ld used by gcc
configure:4526: result: /usr/bin/ld
configure:4533: checking if the linker (/usr/bin/ld) is GNU ld
configure:4548: result: yes
configure:4560: checking for BSD- or MS-compatible name lister (nm)
configure:4614: result: /usr/bin/nm -B
configure:4744: checking the name lister (/usr/bin/nm -B) interface
configure:4751: gcc -c -g -O2  conftest.c >&5
configure:4754: /usr/bin/nm -B "conftest.o"
configure:4757: output
0000000000000000 B some_variable
configure:4758: result: BSD nm
configure:4761: checking whether ln -s works
configure:4765: result: yes
configure:4773: checking the maximum length of command line arguments
configure:4904: result: 1572864
configure:4952: checking how to convert x86_64-pc-linux-gnu file names to x86_64-pc-linux-gnu format
configure:4992: result: func_convert_file_noop
configure:4999: checking how to convert x86_64-pc-linux-gnu file names to toolchain format
configure:5019: result: func_convert_file_noop
configure:5026: checking for /usr/bin/ld option to reload object files
configure:5033: result: -r
configure:5107: checking for objdump
configure:5123: found /usr/bin/objdump
configure:5134: result: objdump
configure:5166: checking how to recognize dependent libraries
configure:5366: result: pass_all
configure:5451: checking for dlltool
configure:5481: result: no
configure:5511: checking how to associate runtime and link libraries
configure:5538: result: printf %s\n
configure:5599: checking for ar
configure:5615: found /usr/bin/ar
configure:5626: result: ar
configure:5679: checking for archiver @FILE support
configure:5696: gcc -c -g -O2  conftest.c >&5
configure:5696: $? = 0
configure:5699: ar cr libconftest.a @conftest.lst >&5
configure:5702: $? = 0
configure:5707: ar cr libconftest.a @conftest.lst >&5
ar: conftest.o: No such file or directory
configure:5710: $? = 1
configure:5709: result: @
configure:5767: checking for strip
configure:5783: found /usr/bin/strip
configure:5794: result: strip
configure:5866: checking for ranlib
configure:5882: found /usr/bin/ranlib
configure:5893: result: ranlib
configure:5995: checking command to parse /usr/bin/nm -B output from gcc object
configure:6148: gcc -c -g -O2  conftest.c >&5
configure:6151: $? = 0
configure:6155: /usr/bin/nm -B conftest.o \| sed -n -e 's/^.*[ ]\([ABCDGIRSTW][ABCDGIRSTW]*\)[ ][ ]*\([_A-Za-z][_A-Za-z0-9]*\)$/\1 \2 \2/p' | sed '/ __gnu_lto/d' \> conftest.nm
configure:6158: $? = 0
configure:6224: gcc -o conftest -g -O2   conftest.c conftstm.o >&5
configure:6227: $? = 0
configure:6265: result: ok
configure:6312: checking for sysroot
configure:6342: result: no
configure:6349: checking for a working dd
configure:6387: result: /usr/bin/dd
configure:6391: checking how to truncate binary pipes
configure:6406: result: /usr/bin/dd bs=4096 count=1
configure:6542: gcc -c -g -O2  conftest.c >&5
configure:6545: $? = 0
configure:6735: checking for mt
configure:6751: found /usr/bin/mt
configure:6762: result: mt
configure:6785: checking if mt is a manifest tool
configure:6791: mt '-?'
configure:6799: result: no
configure:7476: checking how to run the C preprocessor
configure:7507: gcc -E  conftest.c
configure:7507: $? = 0
configure:7521: gcc -E  conftest.c
conftest.c:11:10: fatal error: ac_nonexistent.h: No such file or directory
   11 | #include <ac_nonexistent.h>
      |          ^~~~~~~~~~~~~~~~~~
compilation terminated.
configure:7521: $? = 1
configure: failed program was:
| /* confdefs.h */
| #define PACKAGE_NAME "jansson"
| #define PACKAGE_TARNAME "jansson"
| #define PACKAGE_VERSION "2.12"
| #define PACKAGE_STRING "jansson 2.12"
| #define PACKAGE_BUGREPORT "petri@digip.org"
| #define PACKAGE_URL ""
| #define PACKAGE "jansson"
| #define VERSION "2.12"
| /* end confdefs.h.  */
| #include <ac_nonexistent.h>
configure:7546: result: gcc -E
configure:7566: gcc -E  conftest.c
configure:7566: $? = 0
configure:7580: gcc -E  conftest.c
conftest.c:11:10: fatal error: ac_nonexistent.h: No such file or directory
   11 | #include <ac_nonexistent.h>
      |          ^~~~~~~~~~~~~~~~~~
compilation terminated.
configure:7580: $? = 1
configure: failed program was:
| /* confdefs.h */
| #define PACKAGE_NAME "jansson"
| #define PACKAGE_TARNAME "jansson"
| #define PACKAGE_VERSION "2.12"
| #define PACKAGE_STRING "jansson 2.12"
| #define PACKAGE_BUGREPORT "petri@digip.org"
| #define PACKAGE_URL ""
| #define PACKAGE "jansson"
| #define VERSION "2.12"
| /* end confdefs.h.  */
| #include <ac_nonexistent.h>
configure:7609: checking for ANSI C header files
configure:7629: gcc -c -g -O2  conftest.c >&5
configure:7629: $? = 0
configure:7702: gcc -o conftest -g -O2   conftest.c  >&5
configure:7702: $? = 0
configure:7702: ./conftest
configure:7702: $? = 0
configure:7713: result: yes
configure:7726: checking for sys/types.h
configure:7726: gcc -c -g -O2  conftest.c >&5
configure:7726: $? = 0
configure:7726: result: yes
configure:7726: checking for sys/stat.h
configure:7726: gcc -c -g -O2  conftest.c >&5
configure:7726: $? = 0
configure:7726: result: yes
configure:7726: checking for stdlib.h
configure:7726: gcc -c -g -O2  conftest.c >&5
configure:7726: $? = 0
configure:7726: result: yes
configure:7726: checking for string.h
configure:7726: gcc -c -g -O2  conftest.c >&5
configure:7726: $? = 0
configure:7726: result: yes
configure:7726: checking for memory.h
configure:7726: gcc -c -g -O2  conftest.c >&5
configure:7726: $? = 0
configure:7726: result: yes
configure:7726: checking for strings.h
configure:7726: gcc -c -g -O2  conftest.c >&5
configure:7726: $? = 0
configure:7726: result: yes
configure:7726: checking for inttypes.h
configure:7726: gcc -c -g -O2  conftest.c >&5
configure:7726: $? = 0
configure:7726: result: yes
configure:7726: checking for stdint.h
configure:7726: gcc -c -g -O2  conftest.c >&5
configure:7726: $? = 0
configure:7726: result: yes
configure:7726: checking for unistd.h
configure:7726: gcc -c -g -O2  conftest.c >&5
configure:7726: $? = 0
configure:7726: result: yes
configure:7740: checking for dlfcn.h
configure:7740: gcc -c -g -O2  conftest.c >&5
configure:7740: $? = 0
configure:7740: result: yes
configure:7996: checking for objdir
configure:8011: result: .libs
configure:8271: checking if gcc supports -fno-rtti -fno-exceptions
configure:8289: gcc -c -g -O2  -fno-rtti -fno-exceptions conftest.c >&5
cc1: warning: command line option '-fno-rtti' is valid for C++/D/ObjC++ but not for C
configure:8293: $? = 0
configure:8306: result: no
configure:8664: checking for gcc option to produce PIC
configure:8671: result: -fPIC -DPIC
configure:8679: checking if gcc PIC flag -fPIC -DPIC works
configure:8697: gcc -c -g -O2  -fPIC -DPIC -DPIC conftest.c >&5
configure:8701: $? = 0
configure:8714: result: yes
configure:8743: checking if gcc static flag -static works
configure:8771: result: yes
configure:8786: checking if gcc supports -c -o file.o
configure:8807: gcc -c -g -O2  -o out/conftest2.o conftest.c >&5
configure:8811: $? = 0
configure:8833: result: yes
configure:8841: checking if gcc supports -c -o file.o
configure:8888: result: yes
configure:8921: checking whether the gcc linker (/usr/bin/ld -m elf_x86_64) supports shared libraries
configure:10182: result: yes
configure:10219: checking whether -lc should be explicitly linked in
configure:10227: gcc -c -g -O2  conftest.c >&5
configure:10230: $? = 0
configure:10245: gcc -shared  -fPIC -DPIC conftest.o  -v -Wl,-soname -Wl,conftest -o conftest 2\>\&1 \| /usr/bin/grep  -lc  \>/dev/null 2\>\&1
configure:10248: $? = 0
configure:10262: result: no
configure:10422: checking dynamic linker characteristics
configure:11003: gcc -o conftest -g -O2   -Wl,-rpath -Wl,/foo conftest.c  >&5
configure:11003: $? = 0
configure:11240: result: GNU/Linux ld.so
configure:11362: checking how to hardcode library paths into programs
configure:11387: result: immediate
configure:11935: checking whether stripping libraries is possible
configure:11944: result: yes
configure:11986: checking if libtool supports shared libraries
configure:11988: result: yes
configure:11991: checking whether to build shared libraries
configure:12016: result: yes
configure:12019: checking whether to build static libraries
configure:12023: result: yes
configure:8854: checking endian.h usability
configure:8854: gcc -c -g -O2  conftest.c >&5
configure:8854: $? = 0
configure:8854: result: yes
configure:8854: checking endian.h presence
configure:8854: gcc -E  conftest.c
configure:8854: $? = 0
configure:8854: result: yes
configure:8854: checking for endian.h
configure:8854: result: yes
configure:8854: checking fcntl.h usability
configure:8854: gcc -c -g -O2  conftest.c >&5
configure:8854: $? = 0
configure:8854: result: yes
configure:8854: checking fcntl.h presence
configure:8854: gcc -E  conftest.c
configure:8854: $? = 0
configure:8854: result: yes
configure:8854: checking for fcntl.h
configure:8854: result: yes
configure:8854: checking locale.h usability
configure:8854: gcc -c -g -O2  conftest.c >&5
configure:8854: $? = 0
configure:8854: result: yes
configure:8854: checking locale.h presence
configure:8854: gcc -E  conftest.c
configure:8854: $? = 0
configure:8854: result: yes
configure:8854: checking for locale.h
configure:8854: result: yes
configure:8854: checking sched.h usability
configure:8854: gcc -c -g -O2  conftest.c >&5
configure:8854: $? = 0
configure:8854: result: yes
configure:8854: checking sched.h presence
configure:8854: gcc -E  conftest.c
configure:8854: $? = 0
configure:8854: result: yes
configure:8854: checking for sched.h
configure:8854: result: yes
configure:8854: checking for unistd.h
configure:8854: result: yes
configure:8854: checking sys/param.h usability
configure:8854: gcc -c -g -O2  conftest.c >&5
configure:8854: $? = 0
configure:8854: result: yes
configure:8854: checking sys/param.h presence
configure:8854: gcc -E  conftest.c
configure:8854: $? = 0
configure:8854: result: yes
configure:8854: checking for sys/param.h
configure:8854: result: yes
configure:8854: checking for sys/stat.h
configure:8854: result: yes
configure:8854: checking sys/time.h usability
configure:8854: gcc -c -g -O2  conftest.c >&5
configure:8854: $? = 0
configure:8854: result: yes
configure:8854: checking sys/time.h presence
configure:8854: gcc -E  conftest.c
configure:8854: $? = 0
configure:8854: result: yes
configure:8854: checking for sys/time.h
configure:8854: result: yes
configure:8854: checking for sys/types.h
configure:8854: result: yes
configure:8866: checking for int32_t
configure:8866: gcc -c -g -O2  conftest.c >&5
configure:8866: $? = 0
configure:8866: gcc -c -g -O2  conftest.c >&5
conftest.c: In function 'main':
conftest.c:70:53: warning: integer overflow in expression of type 'int' results in '-2147483648' [-Woverflow]
   70 |    < (int32_t) (((((int32_t) 1 << N) << N) - 1) * 2 + 2))];
      |                                                     ^
conftest.c:69:12: error: storage size of 'test_array' isn't constant
   69 | static int test_array [1 - 2 * !((int32_t) (((((int32_t) 1 << N) << N) - 1) * 2 + 1)
      |            ^~~~~~~~~~
configure:8866: $? = 1
configure: failed program was:
| /* confdefs.h */
| #define PACKAGE_NAME "jansson"
| #define PACKAGE_TARNAME "jansson"
| #define PACKAGE_VERSION "2.12"
| #define PACKAGE_STRING "jansson 2.12"
| #define PACKAGE_BUGREPORT "petri@digip.org"
| #define PACKAGE_URL ""
| #define PACKAGE "jansson"
| #define VERSION "2.12"
| #define STDC_HEADERS 1
| #define HAVE_SYS_TYPES_H 1
| #define HAVE_SYS_STAT_H 1
| #define HAVE_STDLIB_H 1
| #define HAVE_STRING_H 1
| #define HAVE_MEMORY_H 1
| #define HAVE_STRINGS_H 1
| #define HAVE_INTTYPES_H 1
| #define HAVE_STDINT_H 1
| #define HAVE_UNISTD_H 1
| #define HAVE_DLFCN_H 1
| #define LT_OBJDIR ".libs/"
| #define HAVE_ENDIAN_H 1
| #define HAVE_FCNTL_H 1
| #define HAVE_LOCALE_H 1
| #define HAVE_SCHED_H 1
| #define HAVE_UNISTD_H 1
| #define HAVE_SYS_PARAM_H 1
| #define HAVE_SYS_STAT_H 1
| #define HAVE_SYS_TIME_H 1
| #define HAVE_SYS_TYPES_H 1
| /* end confdefs.h.  */
| #include <stdio.h>
| #ifdef HAVE_SYS_TYPES_H
| # include <sys/types.h>
| #endif
| #ifdef HAVE_SYS_STAT_H
| # include <sys/stat.h>
| #endif
| #ifdef STDC_HEADERS
| # include <stdlib.h>
| # include <stddef.h>
| #else
| # ifdef HAVE_STDLIB_H
| #  include <stdlib.h>
| # endif
| #endif
| #ifdef HAVE_STRING_H
| # if !defined STDC_HEADERS && defined HAVE_MEMORY_H
| #  include <memory.h>
| # endif
| # include <string.h>
| #endif
| #ifdef HAVE_STRINGS_H
| # include <strings.h>
| #endif
| #ifdef HAVE_INTTYPES_H
| # include <inttypes.h>
| #endif
| #ifdef HAVE_STDINT_H
| # include <stdint.h>
| #endif
| #ifdef HAVE_UNISTD_H
| # include <unistd.h>
| #endif
| 	        enum { N = 32 / 2 - 1 };
| int
| main ()
| {
| static int test_array [1 - 2 * !((int32_t) (((((int32_t) 1 << N) << N) - 1) * 2 + 1)
| 		 < (int32_t) (((((int32_t) 1 << N) << N) - 1) * 2 + 2))];
| test_array [0] = 0;
| return test_array [0];
| 
|   ;
|   return 0;
| }
configure:8866: result: yes
configure:8877: checking for uint32_t
configure:8877: gcc -c -g -O2  conftest.c >&5
configure:8877: $? = 0
configure:8877: result: yes
configure:8891: checking for uint16_t
configure:8891: gcc -c -g -O2  conftest.c >&5
configure:8891: $? = 0
configure:8891: result: yes
configure:8903: checking for uint8_t
configure:8903: gcc -c -g -O2  conftest.c >&5
configure:8903: $? = 0
configure:8903: result: yes
configure:8918: checking for unsigned long long int
configure:8957: gcc -o conftest -g -O2   conftest.c  >&5
configure:8957: $? = 0
configure:8966: result: yes
configure:8976: checking for long long int
configure:9014: gcc -o conftest -g -O2   conftest.c  >&5
configure:9014: $? = 0
configure:9014: ./conftest
configure:9014: $? = 0
configure:9026: result: yes
configure:9035: checking for inline
configure:9051: gcc -c -g -O2  conftest.c >&5
configure:9051: $? = 0
configure:9059: result: inline
configure:9088: checking for close
configure:9088: gcc -o conftest -g -O2   conftest.c  >&5
configure:9088: $? = 0
configure:9088: result: yes
configure:9088: checking for getpid
configure:9088: gcc -o conftest -g -O2   conftest.c  >&5
configure:9088: $? = 0
configure:9088: result: yes
configure:9088: checking for gettimeofday
configure:9088: gcc -o conftest -g -O2   conftest.c  >&5
configure:9088: $? = 0
configure:9088: result: yes
configure:9088: checking for localeconv
configure:9088: gcc -o conftest -g -O2   conftest.c  >&5
configure:9088: $? = 0
configure:9088: result: yes
configure:9088: checking for open
configure:9088: gcc -o conftest -g -O2   conftest.c  >&5
configure:9088: $? = 0
configure:9088: result: yes
configure:9088: checking for read
configure:9088: gcc -o conftest -g -O2   conftest.c  >&5
configure:9088: $? = 0
configure:9088: result: yes
configure:9088: checking for sched_yield
configure:9088: gcc -o conftest -g -O2   conftest.c  >&5
configure:9088: $? = 0
configure:9088: result: yes
configure:9088: checking for strtoll
configure:9088: gcc -o conftest -g -O2   conftest.c  >&5
configure:9088: $? = 0
configure:9088: result: yes
configure:9098: checking for gcc __sync builtins
configure:9112: gcc -o conftest -g -O2   conftest.c  >&5
configure:9112: $? = 0
configure:9126: result: yes
configure:9129: checking for gcc __atomic builtins
configure:9143: gcc -o conftest -g -O2   conftest.c  >&5
configure:9143: $? = 0
configure:9157: result: yes
configure:9223: checking for -Bsymbolic-functions linker flag
configure:9238: gcc -o conftest -g -O2  -Wl,-Bsymbolic-functions conftest.c  >&5
configure:9238: $? = 0
configure:9239: result: yes
configure:9266: checking for -Wno-format-truncation
configure:9270: result: yes
configure:9385: checking that generated files are newer than configure
configure:9391: result: done
configure:9418: creating ./config.status

## ---------------------- ##
## Running config.status. ##
## ---------------------- ##

This file was extended by jansson config.status 2.12, which was
generated by GNU Autoconf 2.69.  Invocation command line was

  CONFIG_FILES    = 
  CONFIG_HEADERS  = 
  CONFIG_LINKS    = 
  CONFIG_COMMANDS = 
  $ ./config.status 

on hp

config.status:1121: creating jansson.pc
config.status:1121: creating Makefile
config.status:1121: creating doc/Makefile
config.status:1121: creating src/Makefile
config.status:1121: creating src/jansson_config.h
config.status:1121: creating test/Makefile
config.status:1121: creating test/bin/Makefile
config.status:1121: creating test/suites/Makefile
config.status:1121: creating test/suites/api/Makefile
config.status:1121: creating jansson_private_config.h
config.status:1350: executing depfiles commands
config.status:1427: cd src       && sed -e '/# am--include-marker/d' Makefile         | make -f - am--depfiles
config.status:1432: $? = 0
config.status:1427: cd test/bin       && sed -e '/# am--include-marker/d' Makefile         | make -f - am--depfiles
config.status:1432: $? = 0
config.status:1427: cd test/suites/api       && sed -e '/# am--include-marker/d' Makefile         | make -f - am--depfiles
config.status:1432: $? = 0
config.status:1350: executing libtool commands

## ---------------- ##
## Cache variables. ##
## ---------------- ##

ac_cv_build=x86_64-pc-linux-gnu
ac_cv_c_compiler_gnu=yes
ac_cv_c_inline=inline
ac_cv_c_int32_t=yes
ac_cv_c_uint16_t=yes
ac_cv_c_uint32_t=yes
ac_cv_c_uint8_t=yes
ac_cv_env_CC_set=
ac_cv_env_CC_value=
ac_cv_env_CFLAGS_set=
ac_cv_env_CFLAGS_value=
ac_cv_env_CPPFLAGS_set=
ac_cv_env_CPPFLAGS_value=
ac_cv_env_CPP_set=
ac_cv_env_CPP_value=
ac_cv_env_LDFLAGS_set=
ac_cv_env_LDFLAGS_value=
ac_cv_env_LIBS_set=
ac_cv_env_LIBS_value=
ac_cv_env_LT_SYS_LIBRARY_PATH_set=
ac_cv_env_LT_SYS_LIBRARY_PATH_value=
ac_cv_env_build_alias_set=
ac_cv_env_build_alias_value=
ac_cv_env_host_alias_set=
ac_cv_env_host_alias_value=
ac_cv_env_target_alias_set=
ac_cv_env_target_alias_value=
ac_cv_func_close=yes
ac_cv_func_getpid=yes
ac_cv_func_gettimeofday=yes
ac_cv_func_localeconv=yes
ac_cv_func_open=yes
ac_cv_func_read=yes
ac_cv_func_sched_yield=yes
ac_cv_func_strtoll=yes
ac_cv_header_dlfcn_h=yes
ac_cv_header_endian_h=yes
ac_cv_header_fcntl_h=yes
ac_cv_header_inttypes_h=yes
ac_cv_header_locale_h=yes
ac_cv_header_memory_h=yes
ac_cv_header_sched_h=yes
ac_cv_header_stdc=yes
ac_cv_header_stdint_h=yes
ac_cv_header_stdlib_h=yes
ac_cv_header_string_h=yes
ac_cv_header_strings_h=yes
ac_cv_header_sys_param_h=yes
ac_cv_header_sys_stat_h=yes
ac_cv_header_sys_time_h=yes
ac_cv_header_sys_types_h=yes
ac_cv_header_unistd_h=yes
ac_cv_host=x86_64-pc-linux-gnu
ac_cv_objext=o
ac_cv_path_EGREP='/usr/bin/grep -E'
ac_cv_path_FGREP='/usr/bin/grep -F'
ac_cv_path_GREP=/usr/bin/grep
ac_cv_path_SED=/usr/bin/sed
ac_cv_path_install='/usr/bin/install -c'
ac_cv_path_lt_DD=/usr/bin/dd
ac_cv_path_mkdir=/usr/bin/mkdir
ac_cv_prog_AWK=mawk
ac_cv_prog_CPP='gcc -E'
ac_cv_prog_ac_ct_AR=ar
ac_cv_prog_ac_ct_CC=gcc
ac_cv_prog_ac_ct_MANIFEST_TOOL=mt
ac_cv_prog_ac_ct_OBJDUMP=objdump
ac_cv_prog_ac_ct_RANLIB=ranlib
ac_cv_prog_ac_ct_STRIP=strip
ac_cv_prog_cc_c89=
ac_cv_prog_cc_g=yes
ac_cv_prog_make_make_set=yes
ac_cv_type_long_long_int=yes
ac_cv_type_unsigned_long_long_int=yes
am_cv_CC_dependencies_compiler_type=gcc3
am_cv_make_support_nested_variables=yes
am_cv_prog_cc_c_o=yes
lt_cv_ar_at_file=@
lt_cv_archive_cmds_need_lc=no
lt_cv_deplibs_check_method=pass_all
lt_cv_file_magic_cmd='$MAGIC_CMD'
lt_cv_file_magic_test_file=
lt_cv_ld_reload_flag=-r
lt_cv_nm_interface='BSD nm'
lt_cv_objdir=.libs
lt_cv_path_LD=/usr/bin/ld
lt_cv_path_NM='/usr/bin/nm -B'
lt_cv_path_mainfest_tool=no
lt_cv_prog_compiler_c_o=yes
lt_cv_prog_compiler_pic='-fPIC -DPIC'
lt_cv_prog_compiler_pic_works=yes
lt_cv_prog_compiler_rtti_exceptions=no
lt_cv_prog_compiler_static_works=yes
lt_cv_prog_gnu_ld=yes
lt_cv_sharedlib_from_linklib_cmd='printf %s\n'
lt_cv_shlibpath_overrides_runpath=yes
lt_cv_sys_global_symbol_pipe='sed -n -e '\''s/^.*[	 ]\([ABCDGIRSTW][ABCDGIRSTW]*\)[	 ][	 ]*\([_A-Za-z][_A-Za-z0-9]*\)$/\1 \2 \2/p'\'' | sed '\''/ __gnu_lto/d'\'''
lt_cv_sys_global_symbol_to_c_name_address='sed -n -e '\''s/^: \(.*\) .*$/  {"\1", (void *) 0},/p'\'' -e '\''s/^[ABCDGIRSTW][ABCDGIRSTW]* .* \(.*\)$/  {"\1", (void *) \&\1},/p'\'''
lt_cv_sys_global_symbol_to_c_name_address_lib_prefix='sed -n -e '\''s/^: \(.*\) .*$/  {"\1", (void *) 0},/p'\'' -e '\''s/^[ABCDGIRSTW][ABCDGIRSTW]* .* \(lib.*\)$/  {"\1", (void *) \&\1},/p'\'' -e '\''s/^[ABCDGIRSTW][ABCDGIRSTW]* .* \(.*\)$/  {"lib\1", (void *) \&\1},/p'\'''
lt_cv_sys_global_symbol_to_cdecl='sed -n -e '\''s/^T .* \(.*\)$/extern int \1();/p'\'' -e '\''s/^[ABCDGIRSTW][ABCDGIRSTW]* .* \(.*\)$/extern char \1;/p'\'''
lt_cv_sys_global_symbol_to_import=
lt_cv_sys_max_cmd_len=1572864
lt_cv_to_host_file_cmd=func_convert_file_noop
lt_cv_to_tool_file_cmd=func_convert_file_noop
lt_cv_truncate_bin='/usr/bin/dd bs=4096 count=1'

## ----------------- ##
## Output variables. ##
## ----------------- ##

ACLOCAL='${SHELL} /home/sysop/Development/receiver-ringserver/jansson-2.12/missing aclocal-1.16'
AMDEPBACKSLASH='\'
AMDEP_FALSE='#'
AMDEP_TRUE=''
AMTAR='$${TAR-tar}'
AM_BACKSLASH='\'
AM_CFLAGS='-Wall -Wextra -Wdeclaration-after-statement -Wshadow -Wno-format-truncation'
AM_DEFAULT_V='$(AM_DEFAULT_VERBOSITY)'
AM_DEFAULT_VERBOSITY='1'
AM_V='$(V)'
AR='ar'
AUTOCONF='${SHELL} /home/sysop/Development/receiver-ringserver/jansson-2.12/missing autoconf'
AUTOHEADER='${SHELL} /home/sysop/Development/receiver-ringserver/jansson-2.12/missing autoheader'
AUTOMAKE='${SHELL} /home/sysop/Development/receiver-ringserver/jansson-2.12/missing automake-1.16'
AWK='mawk'
CC='gcc'
CCDEPMODE='depmode=gcc3'
CFLAGS='-g -O2'
CPP='gcc -E'
CPPFLAGS=''
CYGPATH_W='echo'
DEFS='-DHAVE_CONFIG_H'
DEPDIR='.deps'
DLLTOOL='false'
DSYMUTIL=''
DUMPBIN=''
ECHO_C=''
ECHO_N='-n'
ECHO_T=''
EGREP='/usr/bin/grep -E'
EXEEXT=''
FGREP='/usr/bin/grep -F'
GCC_FALSE='#'
GCC_TRUE=''
GREP='/usr/bin/grep'
INSTALL_DATA='${INSTALL} -m 644'
INSTALL_PROGRAM='${INSTALL}'
INSTALL_SCRIPT='${INSTALL}'
INSTALL_STRIP_PROGRAM='$(install_sh) -c -s'
JSON_BSYMBOLIC_LDFLAGS='-Wl,-Bsymbolic-functions'
LD='/usr/bin/ld -m elf_x86_64'
LDFLAGS=''
LIBOBJS=''
LIBS=''
LIBTOOL='$(SHELL) $(top_builddir)/libtool'
LIPO=''
LN_S='ln -s'
LTLIBOBJS=''
LT_SYS_LIBRARY_PATH=''
MAKEINFO='${SHELL} /home/sysop/Development/receiver-ringserver/jansson-2.12/missing makeinfo'
MANIFEST_TOOL=':'
MKDIR_P='/usr/bin/mkdir -p'
NM='/usr/bin/nm -B'
NMEDIT=''
OBJDUMP='objdump'
OBJEXT='o'
OTOOL64=''
OTOOL=''
PACKAGE='jansson'
PACKAGE_BUGREPORT='petri@digip.org'
PACKAGE_NAME='jansson'
PACKAGE_STRING='jansson 2.12'
PACKAGE_TARNAME='jansson'
PACKAGE_URL=''
PACKAGE_VERSION='2.12'
PATH_SEPARATOR=':'
RANLIB='ranlib'
SED='/usr/bin/sed'
SET_MAKE=''
SHELL='/bin/bash'
STRIP='strip'
VERSION='2.12'
ac_ct_AR='ar'
ac_ct_CC='gcc'
ac_ct_DUMPBIN=''
am__EXEEXT_FALSE=''
am__EXEEXT_TRUE='#'
am__fastdepCC_FALSE='#'
am__fastdepCC_TRUE=''
am__include='include'
am__isrc=''
am__leading_dot='.'
am__nodep='_no'
am__quote=''
am__tar='$${TAR-tar} chof - "$$tardir"'
am__untar='$${TAR-tar} xf -'
bindir='${exec_prefix}/bin'
build='x86_64-pc-linux-gnu'
build_alias=''
build_cpu='x86_64'
build_os='linux-gnu'
build_vendor='pc'
datadir='${datarootdir}'
datarootdir='${prefix}/share'
docdir='${datarootdir}/doc/${PACKAGE_TARNAME}'
dvidir='${docdir}'
exec_prefix='${prefix}'
host='x86_64-pc-linux-gnu'
host_alias=''
host_cpu='x86_64'
host_os='linux-gnu'
host_vendor='pc'
htmldir='${docdir}'
includedir='${prefix}/include'
infodir='${datarootdir}/info'
install_sh='${SHELL} /home/sysop/Development/receiver-ringserver/jansson-2.12/install-sh'
json_have_atomic_builtins='1'
json_have_localeconv='1'
json_have_long_long='1'
json_have_sync_builtins='1'
json_inline='inline'
libdir='${exec_prefix}/lib'
libexecdir='${exec_prefix}/libexec'
localedir='${datarootdir}/locale'
localstatedir='${prefix}/var'
mandir='${datarootdir}/man'
mkdir_p='$(MKDIR_P)'
oldincludedir='/usr/include'
pdfdir='${docdir}'
prefix='/usr/local'
program_transform_name='s,x,x,'
psdir='${docdir}'
sbindir='${exec_prefix}/sbin'
sharedstatedir='${prefix}/com'
sysconfdir='${prefix}/etc'
target_alias=''

## ----------- ##
## confdefs.h. ##
## ----------- ##

/* confdefs.h */
#define PACKAGE_NAME "jansson"
#define PACKAGE_TARNAME "jansson"
#define PACKAGE_VERSION "2.12"
#define PACKAGE_STRING "jansson 2.12"
#define PACKAGE_BUGREPORT "petri@digip.org"
#define PACKAGE_URL ""
#define PACKAGE "jansson"
#define VERSION "2.12"
#define STDC_HEADERS 1
#define HAVE_SYS_TYPES_H 1
#define HAVE_SYS_STAT_H 1
#define HAVE_STDLIB_H 1
#define HAVE_STRING_H 1
#define HAVE_MEMORY_H 1
#define HAVE_STRINGS_H 1
#define HAVE_INTTYPES_H 1
#define HAVE_STDINT_H 1
#define HAVE_UNISTD_H 1
#define HAVE_DLFCN_H 1
#define LT_OBJDIR ".libs/"
#define HAVE_ENDIAN_H 1
#define HAVE_FCNTL_H 1
#define HAVE_LOCALE_H 1
#define HAVE_SCHED_H 1
#define HAVE_UNISTD_H 1
#define HAVE_SYS_PARAM_H 1
#define HAVE_SYS_STAT_H 1
#define HAVE_SYS_TIME_H 1
#define HAVE_SYS_TYPES_H 1
#define HAVE_UNSIGNED_LONG_LONG_INT 1
#define HAVE_LONG_LONG_INT 1
#define HAVE_CLOSE 1
#define HAVE_GETPID 1
#define HAVE_GETTIMEOFDAY 1
#define HAVE_LOCALECONV 1
#define HAVE_OPEN 1
#define HAVE_READ 1
#define HAVE_SCHED_YIELD 1
#define HAVE_STRTOLL 1
#define HAVE_SYNC_BUILTINS 1
#define HAVE_ATOMIC_BUILTINS 1
#define USE_URANDOM 1
#define USE_WINDOWS_CRYPTOAPI 1
#define INITIAL_HASHTABLE_ORDER 3

configure: exit 0
